Training started at 2025-09-01 23:43:32.532299
================================================================================

================================================================================
UPDATE 1 - Episode 170
================================================================================
Episode Rewards (this update): 13.995
Recent Average Reward: 15.047
Policy Loss: 0.314939
Value Loss: 583.480373
Entropy: 8.524601
Agent Statistics: {'policy_loss': 0.31576878, 'value_loss': 256.50714, 'avg_entropy': 8.513631, 'avg_value': 0.015035764}
Action Types: {'filter': 674, 'back': 978, 'group': 305, 'unknown': 91}
Steps: 2048
================================================================================

================================================================================
UPDATE 2 - Episode 340
================================================================================
Episode Rewards (this update): 13.929
Recent Average Reward: 14.062
Policy Loss: 0.291109
Value Loss: 673.525852
Entropy: 8.541408
Agent Statistics: {'policy_loss': 0.31925938, 'value_loss': 489.728, 'avg_entropy': 8.531374, 'avg_value': 24.971014}
Action Types: {'filter': 1410, 'back': 1881, 'group': 605, 'unknown': 200}
Steps: 4096
================================================================================

================================================================================
UPDATE 3 - Episode 510
================================================================================
Episode Rewards (this update): 15.324
Recent Average Reward: 14.058
Policy Loss: 0.230614
Value Loss: 631.849125
Entropy: 8.558661
Agent Statistics: {'policy_loss': 0.2955357, 'value_loss': 456.71, 'avg_entropy': 8.549889, 'avg_value': 50.941086}
Action Types: {'filter': 2131, 'back': 2686, 'group': 986, 'unknown': 341}
Steps: 6144
================================================================================
