Training started at 2025-09-01 23:11:19.073199
================================================================================

================================================================================
UPDATE 1 - Episode 170
================================================================================
Episode Rewards (this update): 13.995
Recent Average Reward: 15.047
Policy Loss: 0.313933
Value Loss: 585.472276
Entropy: 8.524322
Agent Statistics: {'policy_loss': 0.31640399, 'value_loss': 258.99542, 'avg_entropy': 8.513631, 'avg_value': 0.015037943}
Action Types: {'filter': 674, 'back': 978, 'group': 305, 'unknown': 91}
Steps: 2048
================================================================================

================================================================================
UPDATE 2 - Episode 340
================================================================================
Episode Rewards (this update): 14.478
Recent Average Reward: 14.921
Policy Loss: 0.213950
Value Loss: 691.530736
Entropy: 8.544942
Agent Statistics: {'policy_loss': 0.25513768, 'value_loss': 502.68695, 'avg_entropy': 8.52928, 'avg_value': 28.443228}
Action Types: {'filter': 1389, 'back': 1908, 'group': 608, 'unknown': 191}
Steps: 4096
================================================================================

================================================================================
UPDATE 3 - Episode 510
================================================================================
Episode Rewards (this update): 14.759
Recent Average Reward: 14.640
Policy Loss: 0.285661
Value Loss: 795.563186
Entropy: 8.569635
Agent Statistics: {'policy_loss': 0.28591374, 'value_loss': 617.9265, 'avg_entropy': 8.56915, 'avg_value': 52.721798}
Action Types: {'filter': 2110, 'back': 2805, 'group': 930, 'unknown': 299}
Steps: 6144
================================================================================

================================================================================
UPDATE 4 - Episode 680
================================================================================
Episode Rewards (this update): 13.684
Recent Average Reward: 12.953
Policy Loss: 0.178976
Value Loss: 703.497368
Entropy: 8.618734
Agent Statistics: {'policy_loss': 0.17760937, 'value_loss': 562.6541, 'avg_entropy': 8.576897, 'avg_value': 59.006386}
Action Types: {'filter': 2791, 'back': 3713, 'group': 1262, 'unknown': 426}
Steps: 8192
================================================================================

================================================================================
UPDATE 5 - Episode 850
================================================================================
Episode Rewards (this update): 14.941
Recent Average Reward: 15.237
Policy Loss: 0.222487
Value Loss: 611.617803
Entropy: 8.669066
Agent Statistics: {'policy_loss': 0.22856258, 'value_loss': 498.655, 'avg_entropy': 8.653313, 'avg_value': 88.52528}
Action Types: {'filter': 3494, 'back': 4478, 'group': 1672, 'unknown': 596}
Steps: 10240
================================================================================

================================================================================
UPDATE 6 - Episode 1020
================================================================================
Episode Rewards (this update): 16.968
Recent Average Reward: 17.447
Policy Loss: 0.223508
Value Loss: 565.345730
Entropy: 8.706069
Agent Statistics: {'policy_loss': 0.25806955, 'value_loss': 418.30264, 'avg_entropy': 8.691237, 'avg_value': 105.1092}
Action Types: {'filter': 4179, 'back': 5236, 'group': 2077, 'unknown': 796}
Steps: 12288
================================================================================
